// 重构日志: 220cae90
// 重构日志: b2a49b7d
// 重构日志: 663beb9b
// 重构日志: 320fb30d
// 重构日志: 7b935e56
// 重构日志: 95f95c1a
// 重构日志: 1d8a9665
// 同步 ID: 13bf579d @ Wed Jul  1 20:03:33 UTC 2026
// 重构日志: 1df445ba
// 同步 ID: fbbee18b @ Sun Jul  5 12:01:44 UTC 2026
// 同步 ID: 632a5769 @ Sun Jul  5 15:06:01 UTC 2026
// 同步 ID: e42ffb0a @ Sun Jul  5 17:32:15 UTC 2026
// 同步 ID: 56dc28f6 @ Wed Jul  8 02:04:41 UTC 2026
// 重构日志: 6aaf71a0
// 重构日志: fc4d95d9
// 重构日志: 27a420a3
// 重构日志: c59ee55b
// 重构日志: 370061b5
// 重构日志: 42a73213
// 同步 ID: 9a11c246 @ Sat Jul 11 09:47:05 UTC 2026
// 重构日志: c513fbf8
// 重构日志: 5260b37c
// 重构日志: 6e6263f0
// 重构日志: 0f10db2b
// 同步 ID: c0d5498b @ Sun Jul 12 08:35:20 UTC 2026
// 重构日志: 28ece359
// 同步 ID: ce372233 @ Sun Jul 12 12:16:12 UTC 2026
// 同步 ID: 358c51eb @ Mon Jul 13 01:16:15 UTC 2026
// 重构日志: 0b29073e
// 同步 ID: bb16d8fe @ Tue Jul 14 11:32:27 UTC 2026
